0 info it worked if it ends with ok
1 verbose cli [ 'node', '/usr/local/bin/npm', 'install', 'flcikrapi', '--save' ]
2 info using npm@1.4.28
3 info using node@v0.10.33
4 verbose cache add [ 'flcikrapi', null ]
5 verbose cache add name=undefined spec="flcikrapi" args=["flcikrapi",null]
6 verbose parsed url { protocol: null,
6 verbose parsed url   slashes: null,
6 verbose parsed url   auth: null,
6 verbose parsed url   host: null,
6 verbose parsed url   port: null,
6 verbose parsed url   hostname: null,
6 verbose parsed url   hash: null,
6 verbose parsed url   search: null,
6 verbose parsed url   query: null,
6 verbose parsed url   pathname: 'flcikrapi',
6 verbose parsed url   path: 'flcikrapi',
6 verbose parsed url   href: 'flcikrapi' }
7 silly lockFile 593d9309-flcikrapi flcikrapi
8 verbose lock flcikrapi /Users/Eziohao/.npm/593d9309-flcikrapi.lock
9 silly lockFile 593d9309-flcikrapi flcikrapi
10 silly lockFile 593d9309-flcikrapi flcikrapi
11 verbose addNamed [ 'flcikrapi', '' ]
12 verbose addNamed [ null, '*' ]
13 silly lockFile 0082f4ab-flcikrapi flcikrapi@
14 verbose lock flcikrapi@ /Users/Eziohao/.npm/0082f4ab-flcikrapi.lock
15 silly addNameRange { name: 'flcikrapi', range: '*', hasData: false }
16 verbose request where is /flcikrapi
17 verbose request registry https://registry.npmjs.org/
18 verbose request id b9b653ffc6b92d42
19 verbose url raw /flcikrapi
20 verbose url resolving [ 'https://registry.npmjs.org/', './flcikrapi' ]
21 verbose url resolved https://registry.npmjs.org/flcikrapi
22 verbose request where is https://registry.npmjs.org/flcikrapi
23 info trying registry request attempt 1 at 14:20:10
24 http GET https://registry.npmjs.org/flcikrapi
25 http 404 https://registry.npmjs.org/flcikrapi
26 silly registry.get cb [ 404,
26 silly registry.get   { 'content-type': 'application/json',
26 silly registry.get     'cache-control': 'max-age=0',
26 silly registry.get     'content-length': '2',
26 silly registry.get     'accept-ranges': 'bytes',
26 silly registry.get     date: 'Fri, 22 Jan 2016 19:20:10 GMT',
26 silly registry.get     via: '1.1 varnish',
26 silly registry.get     age: '0',
26 silly registry.get     connection: 'keep-alive',
26 silly registry.get     'x-served-by': 'cache-ord1726-ORD',
26 silly registry.get     'x-cache': 'MISS',
26 silly registry.get     'x-cache-hits': '0',
26 silly registry.get     'x-timer': 'S1453490410.305708,VS0,VE157' } ]
27 silly lockFile 0082f4ab-flcikrapi flcikrapi@
28 silly lockFile 0082f4ab-flcikrapi flcikrapi@
29 error 404 Not Found
29 error 404
29 error 404 'flcikrapi' is not in the npm registry.
29 error 404 You should bug the author to publish it
29 error 404
29 error 404 Note that you can also install from a
29 error 404 tarball, folder, or http url, or git url.
30 error System Darwin 15.2.0
31 error command "node" "/usr/local/bin/npm" "install" "flcikrapi" "--save"
32 error cwd /Users/Eziohao/Documents/Node/Flickrapi
33 error node -v v0.10.33
34 error npm -v 1.4.28
35 error code E404
36 verbose exit [ 1, true ]
